mode: set
github.com/revulcan/stock-alert-system/data_service/ltp_client/client.go:38.88,52.2 2 0
github.com/revulcan/stock-alert-system/data_service/ltp_client/client.go:54.39,56.2 1 0
github.com/revulcan/stock-alert-system/data_service/ltp_client/client.go:58.44,59.57 1 0
github.com/revulcan/stock-alert-system/data_service/ltp_client/client.go:70.2,70.21 1 0
github.com/revulcan/stock-alert-system/data_service/ltp_client/client.go:74.2,82.16 7 0
github.com/revulcan/stock-alert-system/data_service/ltp_client/client.go:87.2,89.16 2 0
github.com/revulcan/stock-alert-system/data_service/ltp_client/client.go:94.2,97.16 3 0
github.com/revulcan/stock-alert-system/data_service/ltp_client/client.go:101.2,117.12 12 0
github.com/revulcan/stock-alert-system/data_service/ltp_client/client.go:59.57,62.17 2 0
github.com/revulcan/stock-alert-system/data_service/ltp_client/client.go:65.3,65.28 1 0
github.com/revulcan/stock-alert-system/data_service/ltp_client/client.go:62.17,64.4 1 0
github.com/revulcan/stock-alert-system/data_service/ltp_client/client.go:65.28,67.4 1 0
github.com/revulcan/stock-alert-system/data_service/ltp_client/client.go:70.21,73.3 1 0
github.com/revulcan/stock-alert-system/data_service/ltp_client/client.go:82.16,85.3 2 0
github.com/revulcan/stock-alert-system/data_service/ltp_client/client.go:89.16,92.3 2 0
github.com/revulcan/stock-alert-system/data_service/ltp_client/client.go:97.16,99.3 1 0
github.com/revulcan/stock-alert-system/data_service/ltp_client/client.go:151.104,156.41 5 0
github.com/revulcan/stock-alert-system/data_service/ltp_client/client.go:171.2,173.25 2 0
github.com/revulcan/stock-alert-system/data_service/ltp_client/client.go:179.2,179.22 1 0
github.com/revulcan/stock-alert-system/data_service/ltp_client/client.go:156.41,159.24 2 0
github.com/revulcan/stock-alert-system/data_service/ltp_client/client.go:163.3,164.14 2 0
github.com/revulcan/stock-alert-system/data_service/ltp_client/client.go:169.3,169.68 1 0
github.com/revulcan/stock-alert-system/data_service/ltp_client/client.go:159.24,161.4 1 0
github.com/revulcan/stock-alert-system/data_service/ltp_client/client.go:164.14,168.4 3 0
github.com/revulcan/stock-alert-system/data_service/ltp_client/client.go:173.25,175.17 2 0
github.com/revulcan/stock-alert-system/data_service/ltp_client/client.go:175.17,177.4 1 0
github.com/revulcan/stock-alert-system/data_service/ltp_client/client.go:182.52,189.13 6 0
github.com/revulcan/stock-alert-system/data_service/ltp_client/client.go:192.2,192.36 1 0
github.com/revulcan/stock-alert-system/data_service/ltp_client/client.go:205.2,207.25 2 0
github.com/revulcan/stock-alert-system/data_service/ltp_client/client.go:211.2,211.12 1 0
github.com/revulcan/stock-alert-system/data_service/ltp_client/client.go:189.13,191.3 1 0
github.com/revulcan/stock-alert-system/data_service/ltp_client/client.go:192.36,194.13 2 0
github.com/revulcan/stock-alert-system/data_service/ltp_client/client.go:199.3,199.63 1 0
github.com/revulcan/stock-alert-system/data_service/ltp_client/client.go:194.13,197.4 2 0
github.com/revulcan/stock-alert-system/data_service/ltp_client/client.go:199.63,203.4 3 0
github.com/revulcan/stock-alert-system/data_service/ltp_client/client.go:207.25,210.3 2 0
github.com/revulcan/stock-alert-system/data_service/ltp_client/client.go:214.53,217.2 2 0
github.com/revulcan/stock-alert-system/data_service/ltp_client/client.go:220.69,221.25 1 0
github.com/revulcan/stock-alert-system/data_service/ltp_client/client.go:221.25,222.15 1 0
github.com/revulcan/stock-alert-system/data_service/ltp_client/client.go:225.3,225.10 1 0
github.com/revulcan/stock-alert-system/data_service/ltp_client/client.go:222.15,224.4 1 0
github.com/revulcan/stock-alert-system/data_service/ltp_client/client.go:226.19,227.10 1 0
github.com/revulcan/stock-alert-system/data_service/ltp_client/client.go:228.11,229.31 1 0
github.com/revulcan/stock-alert-system/data_service/ltp_client/client.go:236.87,237.39 1 0
github.com/revulcan/stock-alert-system/data_service/ltp_client/client.go:237.39,238.15 1 0
github.com/revulcan/stock-alert-system/data_service/ltp_client/client.go:241.3,241.10 1 0
github.com/revulcan/stock-alert-system/data_service/ltp_client/client.go:238.15,240.4 1 0
github.com/revulcan/stock-alert-system/data_service/ltp_client/client.go:242.19,243.10 1 0
github.com/revulcan/stock-alert-system/data_service/ltp_client/client.go:244.11,249.17 5 0
github.com/revulcan/stock-alert-system/data_service/ltp_client/client.go:255.66,256.16 1 0
github.com/revulcan/stock-alert-system/data_service/ltp_client/client.go:256.16,257.10 1 0
github.com/revulcan/stock-alert-system/data_service/ltp_client/client.go:258.19,259.10 1 0
github.com/revulcan/stock-alert-system/data_service/ltp_client/client.go:260.11,266.18 6 0
github.com/revulcan/stock-alert-system/data_service/ltp_client/client.go:266.18,268.5 1 0
github.com/revulcan/stock-alert-system/data_service/ltp_client/client.go:274.98,275.48 1 0
github.com/revulcan/stock-alert-system/data_service/ltp_client/client.go:275.48,276.15 1 0
github.com/revulcan/stock-alert-system/data_service/ltp_client/client.go:279.3,279.10 1 0
github.com/revulcan/stock-alert-system/data_service/ltp_client/client.go:276.15,278.4 1 0
github.com/revulcan/stock-alert-system/data_service/ltp_client/client.go:280.19,281.10 1 0
github.com/revulcan/stock-alert-system/data_service/ltp_client/client.go:282.11,283.27 1 0
github.com/revulcan/stock-alert-system/data_service/ltp_client/client.go:289.100,290.48 1 0
github.com/revulcan/stock-alert-system/data_service/ltp_client/client.go:290.48,291.15 1 0
github.com/revulcan/stock-alert-system/data_service/ltp_client/client.go:294.3,294.10 1 0
github.com/revulcan/stock-alert-system/data_service/ltp_client/client.go:291.15,293.4 1 0
github.com/revulcan/stock-alert-system/data_service/ltp_client/client.go:295.19,296.10 1 0
github.com/revulcan/stock-alert-system/data_service/ltp_client/client.go:297.11,303.18 6 0
github.com/revulcan/stock-alert-system/data_service/ltp_client/client.go:306.4,307.73 2 0
github.com/revulcan/stock-alert-system/data_service/ltp_client/client.go:303.18,305.5 1 0
github.com/revulcan/stock-alert-system/data_service/ltp_client/client.go:313.73,314.27 1 0
github.com/revulcan/stock-alert-system/data_service/ltp_client/client.go:314.27,315.15 1 0
github.com/revulcan/stock-alert-system/data_service/ltp_client/client.go:318.3,318.10 1 0
github.com/revulcan/stock-alert-system/data_service/ltp_client/client.go:315.15,317.4 1 0
github.com/revulcan/stock-alert-system/data_service/ltp_client/client.go:319.19,320.10 1 0
github.com/revulcan/stock-alert-system/data_service/ltp_client/client.go:321.11,322.72 1 0
github.com/revulcan/stock-alert-system/data_service/ltp_client/client.go:327.71,337.56 3 0
github.com/revulcan/stock-alert-system/data_service/ltp_client/client.go:344.2,344.19 1 0
github.com/revulcan/stock-alert-system/data_service/ltp_client/client.go:337.56,339.22 2 0
github.com/revulcan/stock-alert-system/data_service/ltp_client/client.go:342.3,342.78 1 0
github.com/revulcan/stock-alert-system/data_service/ltp_client/client.go:339.22,341.4 1 0
github.com/revulcan/stock-alert-system/data_service/ltp_client/client.go:348.73,349.28 1 0
github.com/revulcan/stock-alert-system/data_service/ltp_client/client.go:349.28,361.19 11 0
github.com/revulcan/stock-alert-system/data_service/ltp_client/client.go:384.3,384.16 1 0
github.com/revulcan/stock-alert-system/data_service/ltp_client/client.go:361.19,366.14 3 0
github.com/revulcan/stock-alert-system/data_service/ltp_client/client.go:366.14,367.34 1 0
github.com/revulcan/stock-alert-system/data_service/ltp_client/client.go:367.34,381.6 5 0
github.com/revulcan/stock-alert-system/data_service/ltp_client/client.go:394.40,395.25 1 0
github.com/revulcan/stock-alert-system/data_service/ltp_client/client.go:396.15,397.11 1 0
github.com/revulcan/stock-alert-system/data_service/ltp_client/client.go:398.15,399.20 1 0
github.com/revulcan/stock-alert-system/data_service/ltp_client/client.go:400.13,401.20 1 0
github.com/revulcan/stock-alert-system/data_service/ltp_client/client.go:402.13,403.20 1 0
github.com/revulcan/stock-alert-system/data_service/ltp_client/client.go:404.11,405.20 1 0
github.com/revulcan/stock-alert-system/data_service/ltp_client/client.go:406.14,407.20 1 0
github.com/revulcan/stock-alert-system/data_service/ltp_client/client.go:408.14,409.20 1 0
github.com/revulcan/stock-alert-system/data_service/ltp_client/client.go:410.12,411.20 1 0
github.com/revulcan/stock-alert-system/data_service/ltp_client/client.go:412.14,414.15 2 0
github.com/revulcan/stock-alert-system/data_service/ltp_client/client.go:417.3,417.13 1 0
github.com/revulcan/stock-alert-system/data_service/ltp_client/client.go:418.10,419.20 1 0
github.com/revulcan/stock-alert-system/data_service/ltp_client/client.go:414.15,416.4 1 0
github.com/revulcan/stock-alert-system/data_service/ltp_client/mock-client.go:19.40,30.2 3 1
github.com/revulcan/stock-alert-system/data_service/ltp_client/mock-client.go:32.120,43.2 3 0
github.com/revulcan/stock-alert-system/data_service/ltp_client/mock-client.go:45.38,47.2 1 0
github.com/revulcan/stock-alert-system/data_service/ltp_client/mock-client.go:49.103,55.41 5 1
github.com/revulcan/stock-alert-system/data_service/ltp_client/mock-client.go:65.2,66.22 2 1
github.com/revulcan/stock-alert-system/data_service/ltp_client/mock-client.go:55.41,58.14 2 1
github.com/revulcan/stock-alert-system/data_service/ltp_client/mock-client.go:63.3,63.68 1 1
github.com/revulcan/stock-alert-system/data_service/ltp_client/mock-client.go:58.14,62.4 2 1
github.com/revulcan/stock-alert-system/data_service/ltp_client/mock-client.go:69.51,74.13 4 1
github.com/revulcan/stock-alert-system/data_service/ltp_client/mock-client.go:77.2,77.36 1 1
github.com/revulcan/stock-alert-system/data_service/ltp_client/mock-client.go:91.2,93.12 3 1
github.com/revulcan/stock-alert-system/data_service/ltp_client/mock-client.go:74.13,76.3 1 0
github.com/revulcan/stock-alert-system/data_service/ltp_client/mock-client.go:77.36,79.13 2 1
github.com/revulcan/stock-alert-system/data_service/ltp_client/mock-client.go:84.3,84.63 1 1
github.com/revulcan/stock-alert-system/data_service/ltp_client/mock-client.go:79.13,82.4 2 1
github.com/revulcan/stock-alert-system/data_service/ltp_client/mock-client.go:84.63,89.4 3 1
github.com/revulcan/stock-alert-system/data_service/ltp_client/mock-client.go:96.42,98.6 1 1
github.com/revulcan/stock-alert-system/data_service/ltp_client/mock-client.go:98.6,102.39 4 1
github.com/revulcan/stock-alert-system/data_service/ltp_client/mock-client.go:107.3,109.19 2 1
github.com/revulcan/stock-alert-system/data_service/ltp_client/mock-client.go:112.3,112.30 1 1
github.com/revulcan/stock-alert-system/data_service/ltp_client/mock-client.go:102.39,106.4 3 1
github.com/revulcan/stock-alert-system/data_service/ltp_client/mock-client.go:109.19,111.4 1 1
github.com/revulcan/stock-alert-system/data_service/ltp_client/mock-client.go:116.122,119.6 1 0
github.com/revulcan/stock-alert-system/data_service/ltp_client/mock-client.go:119.6,120.102 1 0
github.com/revulcan/stock-alert-system/data_service/ltp_client/mock-client.go:120.102,125.40 4 0
github.com/revulcan/stock-alert-system/data_service/ltp_client/mock-client.go:130.4,132.20 2 0
github.com/revulcan/stock-alert-system/data_service/ltp_client/mock-client.go:125.40,129.5 3 0
github.com/revulcan/stock-alert-system/data_service/ltp_client/mock-client.go:132.20,137.65 4 0
github.com/revulcan/stock-alert-system/data_service/ltp_client/mock-client.go:137.65,138.11 1 0
github.com/revulcan/stock-alert-system/data_service/ltp_client/mock-client.go:140.10,143.5 1 0
github.com/revulcan/stock-alert-system/data_service/ltp_client/mock-client.go:150.52,153.2 2 1
github.com/revulcan/stock-alert-system/data_service/ltp_client/mock-client.go:156.85,157.28 1 1
github.com/revulcan/stock-alert-system/data_service/ltp_client/mock-client.go:157.28,160.19 3 1
github.com/revulcan/stock-alert-system/data_service/ltp_client/mock-client.go:160.19,167.14 5 1
github.com/revulcan/stock-alert-system/data_service/ltp_client/mock-client.go:167.14,168.34 1 1
github.com/revulcan/stock-alert-system/data_service/ltp_client/mock-client.go:168.34,181.6 3 1
github.com/revulcan/stock-alert-system/grpc/server/server.go:31.53,38.2 2 1
github.com/revulcan/stock-alert-system/grpc/server/server.go:40.57,43.16 2 1
github.com/revulcan/stock-alert-system/grpc/server/server.go:47.2,62.3 4 1
github.com/revulcan/stock-alert-system/grpc/server/server.go:43.16,45.3 1 0
github.com/revulcan/stock-alert-system/grpc/server/server.go:65.147,68.16 3 1
github.com/revulcan/stock-alert-system/grpc/server/server.go:72.2,72.70 1 1
github.com/revulcan/stock-alert-system/grpc/server/server.go:76.2,93.16 3 1
github.com/revulcan/stock-alert-system/grpc/server/server.go:97.2,98.57 2 1
github.com/revulcan/stock-alert-system/grpc/server/server.go:68.16,70.3 1 1
github.com/revulcan/stock-alert-system/grpc/server/server.go:72.70,74.3 1 1
github.com/revulcan/stock-alert-system/grpc/server/server.go:93.16,96.3 2 0
github.com/revulcan/stock-alert-system/grpc/server/server.go:101.147,104.16 3 0
github.com/revulcan/stock-alert-system/grpc/server/server.go:108.2,108.85 1 0
github.com/revulcan/stock-alert-system/grpc/server/server.go:112.2,114.16 3 0
github.com/revulcan/stock-alert-system/grpc/server/server.go:118.2,119.57 2 0
github.com/revulcan/stock-alert-system/grpc/server/server.go:104.16,106.3 1 0
github.com/revulcan/stock-alert-system/grpc/server/server.go:108.85,110.3 1 0
github.com/revulcan/stock-alert-system/grpc/server/server.go:114.16,117.3 2 0
github.com/revulcan/stock-alert-system/grpc/server/server.go:122.144,126.77 4 1
github.com/revulcan/stock-alert-system/grpc/server/server.go:170.2,172.44 1 0
github.com/revulcan/stock-alert-system/grpc/server/server.go:126.77,131.17 3 1
github.com/revulcan/stock-alert-system/grpc/server/server.go:135.3,144.15 3 1
github.com/revulcan/stock-alert-system/grpc/server/server.go:150.3,151.27 2 1
github.com/revulcan/stock-alert-system/grpc/server/server.go:158.3,164.9 5 1
github.com/revulcan/stock-alert-system/grpc/server/server.go:131.17,133.4 1 0
github.com/revulcan/stock-alert-system/grpc/server/server.go:144.15,146.4 1 1
github.com/revulcan/stock-alert-system/grpc/server/server.go:146.9,149.4 1 0
github.com/revulcan/stock-alert-system/grpc/server/server.go:151.27,156.4 2 0
github.com/revulcan/stock-alert-system/grpc/server/server.go:165.8,165.22 1 0
github.com/revulcan/stock-alert-system/grpc/server/server.go:165.22,169.3 1 0
github.com/revulcan/stock-alert-system/grpc/server/server.go:175.141,179.77 4 1
github.com/revulcan/stock-alert-system/grpc/server/server.go:194.2,196.43 1 0
github.com/revulcan/stock-alert-system/grpc/server/server.go:179.77,189.3 6 1
github.com/revulcan/stock-alert-system/grpc/server/server.go:189.8,189.22 1 0
github.com/revulcan/stock-alert-system/grpc/server/server.go:189.22,193.3 1 0
github.com/revulcan/stock-alert-system/grpc/server/server.go:199.138,202.16 3 1
github.com/revulcan/stock-alert-system/grpc/server/server.go:206.2,208.16 3 1
github.com/revulcan/stock-alert-system/grpc/server/server.go:212.2,214.35 3 1
github.com/revulcan/stock-alert-system/grpc/server/server.go:218.2,228.8 1 1
github.com/revulcan/stock-alert-system/grpc/server/server.go:202.16,204.3 1 1
github.com/revulcan/stock-alert-system/grpc/server/server.go:208.16,211.3 2 0
github.com/revulcan/stock-alert-system/grpc/server/server.go:214.35,216.3 1 0
github.com/revulcan/stock-alert-system/grpc/server/server.go:231.150,234.16 3 1
github.com/revulcan/stock-alert-system/grpc/server/server.go:238.2,240.16 3 1
github.com/revulcan/stock-alert-system/grpc/server/server.go:244.2,245.59 2 1
github.com/revulcan/stock-alert-system/grpc/server/server.go:234.16,236.3 1 1
github.com/revulcan/stock-alert-system/grpc/server/server.go:240.16,243.3 2 0
github.com/revulcan/stock-alert-system/grpc/server/server.go:248.64,252.2 3 1
github.com/revulcan/stock-alert-system/grpc/server/server.go:254.38,259.16 4 1
github.com/revulcan/stock-alert-system/grpc/server/server.go:263.2,268.47 6 1
github.com/revulcan/stock-alert-system/grpc/server/server.go:271.2,271.14 1 1
github.com/revulcan/stock-alert-system/grpc/server/server.go:259.16,261.3 1 0
github.com/revulcan/stock-alert-system/grpc/server/server.go:268.47,270.3 1 1
github.com/revulcan/stock-alert-system/grpc/server/server.go:274.55,277.16 3 1
github.com/revulcan/stock-alert-system/grpc/server/server.go:280.2,280.12 1 1
github.com/revulcan/stock-alert-system/grpc/server/server.go:277.16,279.3 1 1
github.com/revulcan/stock-alert-system/service/service.go:37.130,55.2 5 1
github.com/revulcan/stock-alert-system/service/service.go:57.49,64.16 5 0
github.com/revulcan/stock-alert-system/service/service.go:68.2,68.35 1 0
github.com/revulcan/stock-alert-system/service/service.go:82.2,82.15 1 0
github.com/revulcan/stock-alert-system/service/service.go:64.16,67.3 2 0
github.com/revulcan/stock-alert-system/service/service.go:68.35,69.33 1 0
github.com/revulcan/stock-alert-system/service/service.go:69.33,71.17 2 0
github.com/revulcan/stock-alert-system/service/service.go:76.4,77.18 2 0
github.com/revulcan/stock-alert-system/service/service.go:71.17,75.5 3 0
github.com/revulcan/stock-alert-system/service/service.go:77.18,79.5 1 0
github.com/revulcan/stock-alert-system/service/service.go:85.71,89.13 4 1
github.com/revulcan/stock-alert-system/service/service.go:92.2,92.21 1 1
github.com/revulcan/stock-alert-system/service/service.go:89.13,91.3 1 0
github.com/revulcan/stock-alert-system/service/service.go:95.63,99.19 4 1
github.com/revulcan/stock-alert-system/service/service.go:99.19,102.95 2 0
github.com/revulcan/stock-alert-system/service/service.go:102.95,104.4 1 0
github.com/revulcan/stock-alert-system/service/service.go:104.9,107.4 2 0
github.com/revulcan/stock-alert-system/service/service.go:108.8,114.3 5 1
github.com/revulcan/stock-alert-system/service/service.go:117.57,120.14 2 1
github.com/revulcan/stock-alert-system/service/service.go:123.2,124.15 2 1
github.com/revulcan/stock-alert-system/service/service.go:128.2,129.16 2 1
github.com/revulcan/stock-alert-system/service/service.go:133.2,134.16 2 1
github.com/revulcan/stock-alert-system/service/service.go:137.2,138.12 2 1
github.com/revulcan/stock-alert-system/service/service.go:120.14,122.3 1 1
github.com/revulcan/stock-alert-system/service/service.go:124.15,126.3 1 0
github.com/revulcan/stock-alert-system/service/service.go:129.16,131.3 1 0
github.com/revulcan/stock-alert-system/service/service.go:134.16,136.3 1 0
github.com/revulcan/stock-alert-system/service/service.go:141.70,145.14 4 1
github.com/revulcan/stock-alert-system/service/service.go:148.2,149.16 2 1
github.com/revulcan/stock-alert-system/service/service.go:152.2,152.18 1 1
github.com/revulcan/stock-alert-system/service/service.go:145.14,147.3 1 0
github.com/revulcan/stock-alert-system/service/service.go:149.16,151.3 1 0
github.com/revulcan/stock-alert-system/service/service.go:155.62,157.16 2 1
github.com/revulcan/stock-alert-system/service/service.go:161.2,162.15 2 1
github.com/revulcan/stock-alert-system/service/service.go:165.2,166.16 2 1
github.com/revulcan/stock-alert-system/service/service.go:169.2,171.12 2 1
github.com/revulcan/stock-alert-system/service/service.go:157.16,159.3 1 0
github.com/revulcan/stock-alert-system/service/service.go:162.15,164.3 1 0
github.com/revulcan/stock-alert-system/service/service.go:166.16,168.3 1 0
github.com/revulcan/stock-alert-system/service/service.go:174.45,175.6 1 1
github.com/revulcan/stock-alert-system/service/service.go:175.6,176.10 1 1
github.com/revulcan/stock-alert-system/service/service.go:177.24,178.10 1 0
github.com/revulcan/stock-alert-system/service/service.go:179.40,180.14 1 0
github.com/revulcan/stock-alert-system/service/service.go:180.14,185.46 1 0
github.com/revulcan/stock-alert-system/service/service.go:191.5,193.23 3 0
github.com/revulcan/stock-alert-system/service/service.go:199.5,202.19 3 0
github.com/revulcan/stock-alert-system/service/service.go:185.46,187.6 1 0
github.com/revulcan/stock-alert-system/service/service.go:187.11,189.6 1 0
github.com/revulcan/stock-alert-system/service/service.go:193.23,195.19 2 0
github.com/revulcan/stock-alert-system/service/service.go:195.19,197.7 1 0
github.com/revulcan/stock-alert-system/service/service.go:202.19,205.6 2 0
github.com/revulcan/stock-alert-system/service/service.go:205.11,207.6 1 0
github.com/revulcan/stock-alert-system/service/service.go:213.39,217.2 3 0
github.com/revulcan/stock-alert-system/data_service/service/service.go:25.37,38.2 1 1
github.com/revulcan/stock-alert-system/data_service/service/service.go:40.26,43.2 1 1
github.com/revulcan/stock-alert-system/data_service/service/service.go:74.95,78.16 3 1
github.com/revulcan/stock-alert-system/data_service/service/service.go:83.2,83.6 1 1
github.com/revulcan/stock-alert-system/data_service/service/service.go:122.2,124.12 3 0
github.com/revulcan/stock-alert-system/data_service/service/service.go:78.16,81.3 2 0
github.com/revulcan/stock-alert-system/data_service/service/service.go:83.6,85.11 2 1
github.com/revulcan/stock-alert-system/data_service/service/service.go:85.11,109.19 6 1
github.com/revulcan/stock-alert-system/data_service/service/service.go:114.4,114.85 1 1
github.com/revulcan/stock-alert-system/data_service/service/service.go:109.19,113.5 3 0
github.com/revulcan/stock-alert-system/data_service/service/service.go:116.9,118.9 1 0
github.com/revulcan/stock-alert-system/data_service/service/service.go:127.92,130.16 2 1
github.com/revulcan/stock-alert-system/data_service/service/service.go:134.2,136.32 3 1
github.com/revulcan/stock-alert-system/data_service/service/service.go:143.2,144.16 2 1
github.com/revulcan/stock-alert-system/data_service/service/service.go:130.16,132.3 1 0
github.com/revulcan/stock-alert-system/data_service/service/service.go:136.32,138.14 2 1
github.com/revulcan/stock-alert-system/data_service/service/service.go:141.3,141.48 1 1
github.com/revulcan/stock-alert-system/data_service/service/service.go:138.14,140.4 1 1
github.com/revulcan/stock-alert-system/data_service/service/service.go:147.49,151.18 4 0
github.com/revulcan/stock-alert-system/data_service/service/service.go:169.2,169.12 1 0
github.com/revulcan/stock-alert-system/data_service/service/service.go:151.18,153.39 2 0
github.com/revulcan/stock-alert-system/data_service/service/service.go:160.3,160.39 1 0
github.com/revulcan/stock-alert-system/data_service/service/service.go:165.3,165.17 1 0
github.com/revulcan/stock-alert-system/data_service/service/service.go:153.39,155.14 2 0
github.com/revulcan/stock-alert-system/data_service/service/service.go:155.14,158.5 2 0
github.com/revulcan/stock-alert-system/data_service/service/service.go:160.39,161.41 1 0
github.com/revulcan/stock-alert-system/data_service/service/service.go:161.41,163.5 1 0
github.com/revulcan/stock-alert-system/data_service/service/service.go:165.17,167.4 1 0
github.com/revulcan/stock-alert-system/data_service/service/service.go:172.34,179.6 4 1
github.com/revulcan/stock-alert-system/data_service/service/service.go:216.2,218.15 3 1
github.com/revulcan/stock-alert-system/data_service/service/service.go:179.6,180.17 1 1
github.com/revulcan/stock-alert-system/data_service/service/service.go:184.3,184.10 1 1
github.com/revulcan/stock-alert-system/data_service/service/service.go:180.17,181.9 1 1
github.com/revulcan/stock-alert-system/data_service/service/service.go:185.17,190.17 3 1
github.com/revulcan/stock-alert-system/data_service/service/service.go:194.40,195.13 1 1
github.com/revulcan/stock-alert-system/data_service/service/service.go:195.13,201.5 3 0
github.com/revulcan/stock-alert-system/data_service/service/service.go:201.10,207.39 5 1
github.com/revulcan/stock-alert-system/data_service/service/service.go:210.5,211.18 2 1
github.com/revulcan/stock-alert-system/data_service/service/service.go:207.39,209.6 1 1
github.com/revulcan/stock-alert-system/data_service/service/service.go:221.27,229.2 3 1
github.com/revulcan/stock-alert-system/core/mock-repo.go:14.59,16.2 1 0
github.com/revulcan/stock-alert-system/core/mock-repo.go:18.59,20.2 1 0
github.com/revulcan/stock-alert-system/core/mock-repo.go:22.71,24.2 1 0
github.com/revulcan/stock-alert-system/core/mock-repo.go:26.55,29.16 3 0
github.com/revulcan/stock-alert-system/core/mock-repo.go:32.2,38.16 3 0
github.com/revulcan/stock-alert-system/core/mock-repo.go:41.2,42.16 2 0
github.com/revulcan/stock-alert-system/core/mock-repo.go:46.2,50.16 4 0
github.com/revulcan/stock-alert-system/core/mock-repo.go:54.2,61.12 5 0
github.com/revulcan/stock-alert-system/core/mock-repo.go:29.16,31.3 1 0
github.com/revulcan/stock-alert-system/core/mock-repo.go:38.16,40.3 1 0
github.com/revulcan/stock-alert-system/core/mock-repo.go:42.16,45.3 2 0
github.com/revulcan/stock-alert-system/core/mock-repo.go:50.16,52.3 1 0
github.com/revulcan/stock-alert-system/core/mock-repo.go:64.59,66.2 1 0
github.com/revulcan/stock-alert-system/core/trigger.go:41.46,43.16 2 0
github.com/revulcan/stock-alert-system/core/trigger.go:47.2,47.23 1 0
github.com/revulcan/stock-alert-system/core/trigger.go:43.16,46.3 2 0
github.com/revulcan/stock-alert-system/core/trigger.go:50.53,51.25 1 0
github.com/revulcan/stock-alert-system/core/trigger.go:58.2,58.44 1 0
github.com/revulcan/stock-alert-system/core/trigger.go:51.25,53.3 1 0
github.com/revulcan/stock-alert-system/core/trigger.go:53.8,53.33 1 0
github.com/revulcan/stock-alert-system/core/trigger.go:53.33,55.3 1 0
github.com/revulcan/stock-alert-system/core/trigger.go:55.8,55.28 1 0
github.com/revulcan/stock-alert-system/core/trigger.go:55.28,57.3 1 0
github.com/revulcan/stock-alert-system/core/trigger.go:68.70,74.22 6 1
github.com/revulcan/stock-alert-system/core/trigger.go:102.2,102.83 1 1
github.com/revulcan/stock-alert-system/core/trigger.go:74.22,75.25 1 1
github.com/revulcan/stock-alert-system/core/trigger.go:75.25,77.4 1 1
github.com/revulcan/stock-alert-system/core/trigger.go:77.9,77.36 1 1
github.com/revulcan/stock-alert-system/core/trigger.go:77.36,79.4 1 1
github.com/revulcan/stock-alert-system/core/trigger.go:80.8,80.30 1 1
github.com/revulcan/stock-alert-system/core/trigger.go:80.30,81.26 1 1
github.com/revulcan/stock-alert-system/core/trigger.go:81.26,83.4 1 1
github.com/revulcan/stock-alert-system/core/trigger.go:83.9,83.37 1 1
github.com/revulcan/stock-alert-system/core/trigger.go:83.37,85.4 1 1
github.com/revulcan/stock-alert-system/core/trigger.go:86.8,86.29 1 1
github.com/revulcan/stock-alert-system/core/trigger.go:86.29,87.25 1 1
github.com/revulcan/stock-alert-system/core/trigger.go:87.25,89.4 1 1
github.com/revulcan/stock-alert-system/core/trigger.go:89.9,89.36 1 1
github.com/revulcan/stock-alert-system/core/trigger.go:89.36,91.4 1 1
github.com/revulcan/stock-alert-system/core/trigger.go:92.8,92.30 1 1
github.com/revulcan/stock-alert-system/core/trigger.go:92.30,93.26 1 1
github.com/revulcan/stock-alert-system/core/trigger.go:93.26,95.4 1 1
github.com/revulcan/stock-alert-system/core/trigger.go:95.9,95.37 1 1
github.com/revulcan/stock-alert-system/core/trigger.go:95.37,97.4 1 1
github.com/revulcan/stock-alert-system/core/trigger.go:98.8,101.3 1 0
github.com/revulcan/stock-alert-system/core/trigger.go:105.52,110.22 5 1
github.com/revulcan/stock-alert-system/core/trigger.go:110.22,114.3 3 1
github.com/revulcan/stock-alert-system/core/trigger.go:117.48,121.10 4 1
github.com/revulcan/stock-alert-system/core/trigger.go:121.10,125.3 3 1
github.com/revulcan/stock-alert-system/core/machine.go:28.136,42.2 2 1
github.com/revulcan/stock-alert-system/core/machine.go:43.35,45.17 2 1
github.com/revulcan/stock-alert-system/core/machine.go:50.2,50.16 1 1
github.com/revulcan/stock-alert-system/core/machine.go:45.17,49.3 3 1
github.com/revulcan/stock-alert-system/core/machine.go:53.34,57.2 1 1
github.com/revulcan/stock-alert-system/core/machine.go:59.56,62.18 3 1
github.com/revulcan/stock-alert-system/core/machine.go:68.2,68.43 1 0
github.com/revulcan/stock-alert-system/core/machine.go:62.18,67.3 4 1
github.com/revulcan/stock-alert-system/core/machine.go:71.59,74.18 3 0
github.com/revulcan/stock-alert-system/core/machine.go:80.2,80.43 1 0
github.com/revulcan/stock-alert-system/core/machine.go:74.18,79.3 4 0
github.com/revulcan/stock-alert-system/core/machine.go:83.49,86.27 3 0
github.com/revulcan/stock-alert-system/core/machine.go:90.2,90.14 1 0
github.com/revulcan/stock-alert-system/core/machine.go:86.27,89.3 2 0
github.com/revulcan/stock-alert-system/core/machine.go:93.36,99.6 3 1
github.com/revulcan/stock-alert-system/core/machine.go:99.6,101.10 1 1
github.com/revulcan/stock-alert-system/core/machine.go:102.24,109.10 5 1
github.com/revulcan/stock-alert-system/core/machine.go:110.25,115.37 5 1
github.com/revulcan/stock-alert-system/core/machine.go:118.4,119.18 2 1
github.com/revulcan/stock-alert-system/core/machine.go:115.37,117.5 1 1
github.com/revulcan/stock-alert-system/core/machine.go:124.51,125.6 1 1
github.com/revulcan/stock-alert-system/core/machine.go:125.6,126.10 1 1
github.com/revulcan/stock-alert-system/core/machine.go:127.24,129.10 1 1
github.com/revulcan/stock-alert-system/core/machine.go:130.27,131.28 1 1
github.com/revulcan/stock-alert-system/core/machine.go:136.4,136.27 1 1
github.com/revulcan/stock-alert-system/core/machine.go:139.4,139.23 1 1
github.com/revulcan/stock-alert-system/core/machine.go:131.28,133.5 1 1
github.com/revulcan/stock-alert-system/core/machine.go:133.10,135.5 1 1
github.com/revulcan/stock-alert-system/core/machine.go:136.27,138.5 1 0
github.com/revulcan/stock-alert-system/core/machine.go:139.23,144.5 4 1
github.com/revulcan/stock-alert-system/core/machine.go:149.67,150.34 1 1
github.com/revulcan/stock-alert-system/core/machine.go:150.34,151.25 1 1
github.com/revulcan/stock-alert-system/core/machine.go:151.25,154.4 2 1
github.com/revulcan/stock-alert-system/core/machine.go:158.45,162.2 2 1
